<?xml version="1.0" encoding="UTF-8"?>
<!-- Generated by org.testng.reporters.JUnitReportReporter -->
<testsuite hostname="DESKTOP-GRUJ0M8" failures="0" tests="1" name="test.runner.TestRunner2" time="9.749" errors="0" timestamp="2024-12-07T22:22:03 IST" skipped="0">
  <testcase classname="test.runner.TestRunner2" name="runScenario" time="9.749"/>
</testsuite> <!-- test.runner.TestRunner2 -->
