<?xml version="1.0" encoding="UTF-8"?>
<!-- Generated by org.testng.reporters.JUnitReportReporter -->
<testsuite hostname="DESKTOP-GRUJ0M8" failures="0" tests="4" name="test.runner.TestRunner" time="37.837" errors="0" timestamp="2024-12-07T22:24:10 IST" skipped="0">
  <testcase classname="test.runner.TestRunner" name="runScenario" time="9.373"/>
  <testcase classname="test.runner.TestRunner" name="runScenario" time="9.403"/>
  <testcase classname="test.runner.TestRunner" name="runScenario" time="9.102"/>
  <testcase classname="test.runner.TestRunner" name="runScenario" time="9.959"/>
</testsuite> <!-- test.runner.TestRunner -->
